<?xml version="1.0" encoding="UTF-8"?>
<testng-results skipped="0" failed="0" total="1" passed="1">
  <reporter-output>
  </reporter-output>
  <suite name="Suite1" duration-ms="27" started-at="2016-01-25T19:43:14Z" finished-at="2016-01-25T19:43:14Z">
    <groups>
    </groups>
    <test name="Regression1" duration-ms="27" started-at="2016-01-25T19:43:14Z" finished-at="2016-01-25T19:43:14Z">
      <class name="Simpleproj.Simpleproj.demo.testngtest">
        <test-method status="PASS" signature="testmethod()[pri:0, instance:Simpleproj.Simpleproj.demo.testngtest@336a1705]" name="testmethod" duration-ms="8" started-at="2016-01-25T11:43:14Z" finished-at="2016-01-25T11:43:14Z">
          <reporter-output>
          </reporter-output>
        </test-method> <!-- testmethod -->
      </class> <!-- Simpleproj.Simpleproj.demo.testngtest -->
    </test> <!-- Regression1 -->
  </suite> <!-- Suite1 -->
</testng-results>
